MagicDraw/build/intermediates/manifest_merge_blame_file/debug/manifest-merger-blame-debug-report.txt
1<?xml version="1.0" encoding="utf-8"?>
2<manifest xmlns:android="http://schemas.android.com/apk/res/android"
3    package="com.company.educationAR"
4    android:installLocation="preferExternal"
5    android:versionCode="1"
6    android:versionName="1.0" >
7
8    <uses-sdk
8-->src\main\AndroidManifest.xml:28:3-45
9        android:minSdkVersion="16"
9-->src\main\AndroidManifest.xml:28:3-45
10        android:targetSdkVersion="29" />
10-->src\main\AndroidManifest.xml:28:13-42
11
12    <supports-screens
12-->src\main\AndroidManifest.xml:3:3-163
13        android:anyDensity="true"
13-->src\main\AndroidManifest.xml:3:135-160
14        android:largeScreens="true"
14-->src\main\AndroidManifest.xml:3:78-105
15        android:normalScreens="true"
15-->src\main\AndroidManifest.xml:3:49-77
16        android:smallScreens="true"
16-->src\main\AndroidManifest.xml:3:21-48
17        android:xlargeScreens="true" />
17-->src\main\AndroidManifest.xml:3:106-134
18
19    <uses-permission android:name="android.permission.CAMERA" />
19-->src\main\AndroidManifest.xml:25:3-63
19-->src\main\AndroidManifest.xml:25:20-60
20    <uses-permission android:name="android.permission.WRITE_EXTERNAL_STORAGE" />
20-->src\main\AndroidManifest.xml:26:3-79
20-->src\main\AndroidManifest.xml:26:20-76
21    <uses-permission android:name="android.permission.INTERNET" />
21-->src\main\AndroidManifest.xml:27:3-65
21-->src\main\AndroidManifest.xml:27:20-62
22
23    <uses-feature android:glEsVersion="0x00020000" />
23-->src\main\AndroidManifest.xml:29:3-52
23-->src\main\AndroidManifest.xml:29:17-49
24    <uses-feature
24-->src\main\AndroidManifest.xml:30:3-88
25        android:name="android.hardware.touchscreen"
25-->src\main\AndroidManifest.xml:30:17-60
26        android:required="false" />
26-->src\main\AndroidManifest.xml:30:61-85
27    <uses-feature
27-->src\main\AndroidManifest.xml:31:3-99
28        android:name="android.hardware.touchscreen.multitouch"
28-->src\main\AndroidManifest.xml:31:17-71
29        android:required="false" />
29-->src\main\AndroidManifest.xml:31:72-96
30    <uses-feature
30-->src\main\AndroidManifest.xml:32:3-108
31        android:name="android.hardware.touchscreen.multitouch.distinct"
31-->src\main\AndroidManifest.xml:32:17-80
32        android:required="false" />
32-->src\main\AndroidManifest.xml:32:81-105
33
34    <application
34-->src\main\AndroidManifest.xml:4:3-24:17
35        android:banner="@drawable/app_banner"
35-->src\main\AndroidManifest.xml:4:105-142
36        android:debuggable="true"
37        android:icon="@drawable/app_icon"
37-->src\main\AndroidManifest.xml:4:16-49
38        android:isGame="true"
38-->src\main\AndroidManifest.xml:4:83-104
39        android:label="@string/app_name"
39-->src\main\AndroidManifest.xml:4:50-82
40        android:testOnly="true"
41        android:theme="@android:style/Theme.NoTitleBar.Fullscreen" >
41-->src\main\AndroidManifest.xml:4:143-201
42        <activity
42-->src\main\AndroidManifest.xml:5:5-7:16
43            android:name="com.company.educationAR.UnityPlayerActivity"
43-->src\main\AndroidManifest.xml:5:118-176
44            android:configChanges="mcc|mnc|locale|touchscreen|keyboard|keyboardHidden|navigation|orientation|screenLayout|uiMode|screenSize|smallestScreenSize|fontScale|layoutDirection|density"
44-->src\main\AndroidManifest.xml:6:9-190
45            android:label="@string/app_name"
45-->src\main\AndroidManifest.xml:5:15-47
46            android:launchMode="singleTask"
46-->src\main\AndroidManifest.xml:5:86-117
47            android:screenOrientation="landscape" >
47-->src\main\AndroidManifest.xml:5:48-85
48        </activity>
49        <activity
49-->src\main\AndroidManifest.xml:8:5-15:16
50            android:name="com.company.educationAR.MainActivity"
50-->src\main\AndroidManifest.xml:9:9-37
51            android:banner="@drawable/app_banner"
51-->src\main\AndroidManifest.xml:10:98-135
52            android:icon="@drawable/app_icon"
52-->src\main\AndroidManifest.xml:10:9-42
53            android:isGame="true"
53-->src\main\AndroidManifest.xml:10:76-97
54            android:label="@string/app_name"
54-->src\main\AndroidManifest.xml:10:43-75
55            android:screenOrientation="landscape" >
55-->src\main\AndroidManifest.xml:9:38-75
56            <intent-filter>
56-->src\main\AndroidManifest.xml:11:7-14:23
57                <action android:name="android.intent.action.MAIN" />
57-->src\main\AndroidManifest.xml:12:9-61
57-->src\main\AndroidManifest.xml:12:17-58
58
59                <category android:name="android.intent.category.LAUNCHER" />
59-->src\main\AndroidManifest.xml:13:9-69
59-->src\main\AndroidManifest.xml:13:19-66
60            </intent-filter>
61        </activity>
62        <activity
62-->src\main\AndroidManifest.xml:16:5-19:16
63            android:name="com.company.educationAR.PaintingActivity"
63-->src\main\AndroidManifest.xml:17:9-41
64            android:banner="@drawable/app_banner"
64-->src\main\AndroidManifest.xml:18:98-135
65            android:icon="@drawable/app_icon"
65-->src\main\AndroidManifest.xml:18:9-42
66            android:isGame="true"
66-->src\main\AndroidManifest.xml:18:76-97
67            android:label="@string/app_name"
67-->src\main\AndroidManifest.xml:18:43-75
68            android:screenOrientation="landscape" >
68-->src\main\AndroidManifest.xml:17:42-79
69        </activity>
70        <activity
70-->src\main\AndroidManifest.xml:20:5-23:16
71            android:name="com.company.educationAR.pictureActivity"
71-->src\main\AndroidManifest.xml:21:9-40
72            android:banner="@drawable/app_banner"
72-->src\main\AndroidManifest.xml:22:98-135
73            android:icon="@drawable/app_icon"
73-->src\main\AndroidManifest.xml:22:9-42
74            android:isGame="true"
74-->src\main\AndroidManifest.xml:22:76-97
75            android:label="@string/app_name"
75-->src\main\AndroidManifest.xml:22:43-75
76            android:screenOrientation="landscape" >
76-->src\main\AndroidManifest.xml:21:41-78
77        </activity>
78    </application>
79
80</manifest>